<?xml version="1.0" encoding="UTF-8"?>
<testsuite xmlns:xsi="http://www.w3.org/2001/XMLSchema-instance" xsi:noNamespaceSchemaLocation="https://maven.apache.org/surefire/maven-surefire-plugin/xsd/surefire-test-report-3.0.xsd" version="3.0" name="com.onebox.onebox.OneboxApplicationTests" time="6.227" tests="1" errors="0" skipped="0" failures="0">
  <properties>
    <property name="java.specification.version" value="17"/>
    <property name="sun.jnu.encoding" value="UTF-8"/>
    <property name="java.class.path" value="/home/local/ZOHOCORP/pranav-pt5073/eclipse-workspace/taskapp/target/test-classes:/home/local/ZOHOCORP/pranav-pt5073/eclipse-workspace/taskapp/target/classes:/home/local/ZOHOCORP/pranav-pt5073/.m2/repository/org/springframework/boot/spring-boot-starter-data-jpa/3.2.1/spring-boot-starter-data-jpa-3.2.1.jar:/home/local/ZOHOCORP/pranav-pt5073/.m2/repository/org/springframework/boot/spring-boot-starter-aop/3.2.1/spring-boot-starter-aop-3.2.1.jar:/home/local/ZOHOCORP/pranav-pt5073/.m2/repository/org/springframework/spring-aop/6.1.2/spring-aop-6.1.2.jar:/home/local/ZOHOCORP/pranav-pt5073/.m2/repository/org/aspectj/aspectjweaver/1.9.21/aspectjweaver-1.9.21.jar:/home/local/ZOHOCORP/pranav-pt5073/.m2/repository/org/springframework/boot/spring-boot-starter-jdbc/3.2.1/spring-boot-starter-jdbc-3.2.1.jar:/home/local/ZOHOCORP/pranav-pt5073/.m2/repository/com/zaxxer/HikariCP/5.0.1/HikariCP-5.0.1.jar:/home/local/ZOHOCORP/pranav-pt5073/.m2/repository/org/springframework/spring-jdbc/6.1.2/spring-jdbc-6.1.2.jar:/home/local/ZOHOCORP/pranav-pt5073/.m2/repository/org/springframework/data/spring-data-jpa/3.2.1/spring-data-jpa-3.2.1.jar:/home/local/ZOHOCORP/pranav-pt5073/.m2/repository/org/springframework/data/spring-data-commons/3.2.1/spring-data-commons-3.2.1.jar:/home/local/ZOHOCORP/pranav-pt5073/.m2/repository/org/springframework/spring-orm/6.1.2/spring-orm-6.1.2.jar:/home/local/ZOHOCORP/pranav-pt5073/.m2/repository/org/springframework/spring-context/6.1.2/spring-context-6.1.2.jar:/home/local/ZOHOCORP/pranav-pt5073/.m2/repository/org/springframework/spring-tx/6.1.2/spring-tx-6.1.2.jar:/home/local/ZOHOCORP/pranav-pt5073/.m2/repository/org/springframework/spring-beans/6.1.2/spring-beans-6.1.2.jar:/home/local/ZOHOCORP/pranav-pt5073/.m2/repository/jakarta/annotation/jakarta.annotation-api/2.1.1/jakarta.annotation-api-2.1.1.jar:/home/local/ZOHOCORP/pranav-pt5073/.m2/repository/org/slf4j/slf4j-api/2.0.9/slf4j-api-2.0.9.jar:/home/local/ZOHOCORP/pranav-pt5073/.m2/repository/org/springframework/spring-aspects/6.1.2/spring-aspects-6.1.2.jar:/home/local/ZOHOCORP/pranav-pt5073/.m2/repository/org/hibernate/orm/hibernate-core/6.3.1.Final/hibernate-core-6.3.1.Final.jar:/home/local/ZOHOCORP/pranav-pt5073/.m2/repository/jakarta/persistence/jakarta.persistence-api/3.1.0/jakarta.persistence-api-3.1.0.jar:/home/local/ZOHOCORP/pranav-pt5073/.m2/repository/jakarta/transaction/jakarta.transaction-api/2.0.1/jakarta.transaction-api-2.0.1.jar:/home/local/ZOHOCORP/pranav-pt5073/.m2/repository/org/jboss/logging/jboss-logging/3.5.3.Final/jboss-logging-3.5.3.Final.jar:/home/local/ZOHOCORP/pranav-pt5073/.m2/repository/org/hibernate/common/hibernate-commons-annotations/6.0.6.Final/hibernate-commons-annotations-6.0.6.Final.jar:/home/local/ZOHOCORP/pranav-pt5073/.m2/repository/io/smallrye/jandex/3.1.2/jandex-3.1.2.jar:/home/local/ZOHOCORP/pranav-pt5073/.m2/repository/com/fasterxml/classmate/1.6.0/classmate-1.6.0.jar:/home/local/ZOHOCORP/pranav-pt5073/.m2/repository/net/bytebuddy/byte-buddy/1.14.10/byte-buddy-1.14.10.jar:/home/local/ZOHOCORP/pranav-pt5073/.m2/repository/jakarta/xml/bind/jakarta.xml.bind-api/4.0.1/jakarta.xml.bind-api-4.0.1.jar:/home/local/ZOHOCORP/pranav-pt5073/.m2/repository/jakarta/activation/jakarta.activation-api/2.1.2/jakarta.activation-api-2.1.2.jar:/home/local/ZOHOCORP/pranav-pt5073/.m2/repository/org/glassfish/jaxb/jaxb-runtime/4.0.4/jaxb-runtime-4.0.4.jar:/home/local/ZOHOCORP/pranav-pt5073/.m2/repository/org/glassfish/jaxb/jaxb-core/4.0.4/jaxb-core-4.0.4.jar:/home/local/ZOHOCORP/pranav-pt5073/.m2/repository/org/eclipse/angus/angus-activation/2.0.1/angus-activation-2.0.1.jar:/home/local/ZOHOCORP/pranav-pt5073/.m2/repository/org/glassfish/jaxb/txw2/4.0.4/txw2-4.0.4.jar:/home/local/ZOHOCORP/pranav-pt5073/.m2/repository/com/sun/istack/istack-commons-runtime/4.1.2/istack-commons-runtime-4.1.2.jar:/home/local/ZOHOCORP/pranav-pt5073/.m2/repository/jakarta/inject/jakarta.inject-api/2.0.1/jakarta.inject-api-2.0.1.jar:/home/local/ZOHOCORP/pranav-pt5073/.m2/repository/org/antlr/antlr4-runtime/4.10.1/antlr4-runtime-4.10.1.jar:/home/local/ZOHOCORP/pranav-pt5073/.m2/repository/org/springframework/boot/spring-boot-starter-web/3.2.1/spring-boot-starter-web-3.2.1.jar:/home/local/ZOHOCORP/pranav-pt5073/.m2/repository/org/springframework/boot/spring-boot-starter/3.2.1/spring-boot-starter-3.2.1.jar:/home/local/ZOHOCORP/pranav-pt5073/.m2/repository/org/springframework/boot/spring-boot/3.2.1/spring-boot-3.2.1.jar:/home/local/ZOHOCORP/pranav-pt5073/.m2/repository/org/springframework/boot/spring-boot-autoconfigure/3.2.1/spring-boot-autoconfigure-3.2.1.jar:/home/local/ZOHOCORP/pranav-pt5073/.m2/repository/org/springframework/boot/spring-boot-starter-logging/3.2.1/spring-boot-starter-logging-3.2.1.jar:/home/local/ZOHOCORP/pranav-pt5073/.m2/repository/ch/qos/logback/logback-classic/1.4.14/logback-classic-1.4.14.jar:/home/local/ZOHOCORP/pranav-pt5073/.m2/repository/ch/qos/logback/logback-core/1.4.14/logback-core-1.4.14.jar:/home/local/ZOHOCORP/pranav-pt5073/.m2/repository/org/apache/logging/log4j/log4j-to-slf4j/2.21.1/log4j-to-slf4j-2.21.1.jar:/home/local/ZOHOCORP/pranav-pt5073/.m2/repository/org/apache/logging/log4j/log4j-api/2.21.1/log4j-api-2.21.1.jar:/home/local/ZOHOCORP/pranav-pt5073/.m2/repository/org/slf4j/jul-to-slf4j/2.0.9/jul-to-slf4j-2.0.9.jar:/home/local/ZOHOCORP/pranav-pt5073/.m2/repository/org/yaml/snakeyaml/2.2/snakeyaml-2.2.jar:/home/local/ZOHOCORP/pranav-pt5073/.m2/repository/org/springframework/boot/spring-boot-starter-json/3.2.1/spring-boot-starter-json-3.2.1.jar:/home/local/ZOHOCORP/pranav-pt5073/.m2/repository/com/fasterxml/jackson/core/jackson-databind/2.15.3/jackson-databind-2.15.3.jar:/home/local/ZOHOCORP/pranav-pt5073/.m2/repository/com/fasterxml/jackson/core/jackson-core/2.15.3/jackson-core-2.15.3.jar:/home/local/ZOHOCORP/pranav-pt5073/.m2/repository/com/fasterxml/jackson/datatype/jackson-datatype-jdk8/2.15.3/jackson-datatype-jdk8-2.15.3.jar:/home/local/ZOHOCORP/pranav-pt5073/.m2/repository/com/fasterxml/jackson/datatype/jackson-datatype-jsr310/2.15.3/jackson-datatype-jsr310-2.15.3.jar:/home/local/ZOHOCORP/pranav-pt5073/.m2/repository/com/fasterxml/jackson/module/jackson-module-parameter-names/2.15.3/jackson-module-parameter-names-2.15.3.jar:/home/local/ZOHOCORP/pranav-pt5073/.m2/repository/org/springframework/boot/spring-boot-starter-tomcat/3.2.1/spring-boot-starter-tomcat-3.2.1.jar:/home/local/ZOHOCORP/pranav-pt5073/.m2/repository/org/apache/tomcat/embed/tomcat-embed-core/10.1.17/tomcat-embed-core-10.1.17.jar:/home/local/ZOHOCORP/pranav-pt5073/.m2/repository/org/apache/tomcat/embed/tomcat-embed-websocket/10.1.17/tomcat-embed-websocket-10.1.17.jar:/home/local/ZOHOCORP/pranav-pt5073/.m2/repository/org/springframework/spring-web/6.1.2/spring-web-6.1.2.jar:/home/local/ZOHOCORP/pranav-pt5073/.m2/repository/io/micrometer/micrometer-observation/1.12.1/micrometer-observation-1.12.1.jar:/home/local/ZOHOCORP/pranav-pt5073/.m2/repository/io/micrometer/micrometer-commons/1.12.1/micrometer-commons-1.12.1.jar:/home/local/ZOHOCORP/pranav-pt5073/.m2/repository/org/springframework/spring-webmvc/6.1.2/spring-webmvc-6.1.2.jar:/home/local/ZOHOCORP/pranav-pt5073/.m2/repository/org/springframework/spring-expression/6.1.2/spring-expression-6.1.2.jar:/home/local/ZOHOCORP/pranav-pt5073/.m2/repository/com/mysql/mysql-connector-j/8.1.0/mysql-connector-j-8.1.0.jar:/home/local/ZOHOCORP/pranav-pt5073/.m2/repository/org/postgresql/postgresql/42.6.0/postgresql-42.6.0.jar:/home/local/ZOHOCORP/pranav-pt5073/.m2/repository/org/checkerframework/checker-qual/3.31.0/checker-qual-3.31.0.jar:/home/local/ZOHOCORP/pranav-pt5073/.m2/repository/org/springframework/boot/spring-boot-starter-test/3.2.1/spring-boot-starter-test-3.2.1.jar:/home/local/ZOHOCORP/pranav-pt5073/.m2/repository/org/springframework/boot/spring-boot-test/3.2.1/spring-boot-test-3.2.1.jar:/home/local/ZOHOCORP/pranav-pt5073/.m2/repository/org/springframework/boot/spring-boot-test-autoconfigure/3.2.1/spring-boot-test-autoconfigure-3.2.1.jar:/home/local/ZOHOCORP/pranav-pt5073/.m2/repository/com/jayway/jsonpath/json-path/2.8.0/json-path-2.8.0.jar:/home/local/ZOHOCORP/pranav-pt5073/.m2/repository/net/minidev/json-smart/2.5.0/json-smart-2.5.0.jar:/home/local/ZOHOCORP/pranav-pt5073/.m2/repository/net/minidev/accessors-smart/2.5.0/accessors-smart-2.5.0.jar:/home/local/ZOHOCORP/pranav-pt5073/.m2/repository/org/ow2/asm/asm/9.3/asm-9.3.jar:/home/local/ZOHOCORP/pranav-pt5073/.m2/repository/org/assertj/assertj-core/3.24.2/assertj-core-3.24.2.jar:/home/local/ZOHOCORP/pranav-pt5073/.m2/repository/org/awaitility/awaitility/4.2.0/awaitility-4.2.0.jar:/home/local/ZOHOCORP/pranav-pt5073/.m2/repository/org/hamcrest/hamcrest/2.2/hamcrest-2.2.jar:/home/local/ZOHOCORP/pranav-pt5073/.m2/repository/org/junit/jupiter/junit-jupiter/5.10.1/junit-jupiter-5.10.1.jar:/home/local/ZOHOCORP/pranav-pt5073/.m2/repository/org/junit/jupiter/junit-jupiter-api/5.10.1/junit-jupiter-api-5.10.1.jar:/home/local/ZOHOCORP/pranav-pt5073/.m2/repository/org/opentest4j/opentest4j/1.3.0/opentest4j-1.3.0.jar:/home/local/ZOHOCORP/pranav-pt5073/.m2/repository/org/junit/platform/junit-platform-commons/1.10.1/junit-platform-commons-1.10.1.jar:/home/local/ZOHOCORP/pranav-pt5073/.m2/repository/org/apiguardian/apiguardian-api/1.1.2/apiguardian-api-1.1.2.jar:/home/local/ZOHOCORP/pranav-pt5073/.m2/repository/org/junit/jupiter/junit-jupiter-params/5.10.1/junit-jupiter-params-5.10.1.jar:/home/local/ZOHOCORP/pranav-pt5073/.m2/repository/org/junit/jupiter/junit-jupiter-engine/5.10.1/junit-jupiter-engine-5.10.1.jar:/home/local/ZOHOCORP/pranav-pt5073/.m2/repository/org/junit/platform/junit-platform-engine/1.10.1/junit-platform-engine-1.10.1.jar:/home/local/ZOHOCORP/pranav-pt5073/.m2/repository/org/mockito/mockito-core/5.7.0/mockito-core-5.7.0.jar:/home/local/ZOHOCORP/pranav-pt5073/.m2/repository/net/bytebuddy/byte-buddy-agent/1.14.10/byte-buddy-agent-1.14.10.jar:/home/local/ZOHOCORP/pranav-pt5073/.m2/repository/org/objenesis/objenesis/3.3/objenesis-3.3.jar:/home/local/ZOHOCORP/pranav-pt5073/.m2/repository/org/mockito/mockito-junit-jupiter/5.7.0/mockito-junit-jupiter-5.7.0.jar:/home/local/ZOHOCORP/pranav-pt5073/.m2/repository/org/skyscreamer/jsonassert/1.5.1/jsonassert-1.5.1.jar:/home/local/ZOHOCORP/pranav-pt5073/.m2/repository/com/vaadin/external/google/android-json/0.0.20131108.vaadin1/android-json-0.0.20131108.vaadin1.jar:/home/local/ZOHOCORP/pranav-pt5073/.m2/repository/org/springframework/spring-core/6.1.2/spring-core-6.1.2.jar:/home/local/ZOHOCORP/pranav-pt5073/.m2/repository/org/springframework/spring-jcl/6.1.2/spring-jcl-6.1.2.jar:/home/local/ZOHOCORP/pranav-pt5073/.m2/repository/org/springframework/spring-test/6.1.2/spring-test-6.1.2.jar:/home/local/ZOHOCORP/pranav-pt5073/.m2/repository/org/xmlunit/xmlunit-core/2.9.1/xmlunit-core-2.9.1.jar:/home/local/ZOHOCORP/pranav-pt5073/.m2/repository/org/json/json/20231013/json-20231013.jar:/home/local/ZOHOCORP/pranav-pt5073/.m2/repository/org/springframework/boot/spring-boot-starter-validation/3.2.1/spring-boot-starter-validation-3.2.1.jar:/home/local/ZOHOCORP/pranav-pt5073/.m2/repository/org/apache/tomcat/embed/tomcat-embed-el/10.1.17/tomcat-embed-el-10.1.17.jar:/home/local/ZOHOCORP/pranav-pt5073/.m2/repository/org/hibernate/validator/hibernate-validator/8.0.1.Final/hibernate-validator-8.0.1.Final.jar:/home/local/ZOHOCORP/pranav-pt5073/.m2/repository/jakarta/validation/jakarta.validation-api/3.0.2/jakarta.validation-api-3.0.2.jar:/home/local/ZOHOCORP/pranav-pt5073/.m2/repository/org/springframework/boot/spring-boot-starter-data-rest/3.2.1/spring-boot-starter-data-rest-3.2.1.jar:/home/local/ZOHOCORP/pranav-pt5073/.m2/repository/org/springframework/data/spring-data-rest-webmvc/4.2.1/spring-data-rest-webmvc-4.2.1.jar:/home/local/ZOHOCORP/pranav-pt5073/.m2/repository/org/springframework/data/spring-data-rest-core/4.2.1/spring-data-rest-core-4.2.1.jar:/home/local/ZOHOCORP/pranav-pt5073/.m2/repository/org/springframework/hateoas/spring-hateoas/2.2.0/spring-hateoas-2.2.0.jar:/home/local/ZOHOCORP/pranav-pt5073/.m2/repository/org/springframework/plugin/spring-plugin-core/3.0.0/spring-plugin-core-3.0.0.jar:/home/local/ZOHOCORP/pranav-pt5073/.m2/repository/org/atteo/evo-inflector/1.3/evo-inflector-1.3.jar:/home/local/ZOHOCORP/pranav-pt5073/.m2/repository/com/fasterxml/jackson/core/jackson-annotations/2.15.3/jackson-annotations-2.15.3.jar:/home/local/ZOHOCORP/pranav-pt5073/.m2/repository/org/mapstruct/mapstruct/1.5.5.Final/mapstruct-1.5.5.Final.jar:/home/local/ZOHOCORP/pranav-pt5073/.m2/repository/org/mapstruct/mapstruct-processor/1.5.5.Final/mapstruct-processor-1.5.5.Final.jar:/home/local/ZOHOCORP/pranav-pt5073/.m2/repository/com/okta/spring/okta-spring-boot-starter/3.0.5/okta-spring-boot-starter-3.0.5.jar:/home/local/ZOHOCORP/pranav-pt5073/.m2/repository/com/okta/spring/okta-spring-security-oauth2/3.0.5/okta-spring-security-oauth2-3.0.5.jar:/home/local/ZOHOCORP/pranav-pt5073/.m2/repository/com/okta/commons/okta-config-check/1.3.3/okta-config-check-1.3.3.jar:/home/local/ZOHOCORP/pranav-pt5073/.m2/repository/com/okta/commons/okta-commons-lang/1.3.3/okta-commons-lang-1.3.3.jar:/home/local/ZOHOCORP/pranav-pt5073/.m2/repository/org/springframework/security/spring-security-config/6.2.1/spring-security-config-6.2.1.jar:/home/local/ZOHOCORP/pranav-pt5073/.m2/repository/org/springframework/security/spring-security-core/6.2.1/spring-security-core-6.2.1.jar:/home/local/ZOHOCORP/pranav-pt5073/.m2/repository/org/springframework/security/spring-security-crypto/6.2.1/spring-security-crypto-6.2.1.jar:/home/local/ZOHOCORP/pranav-pt5073/.m2/repository/org/springframework/boot/spring-boot-starter-security/3.2.1/spring-boot-starter-security-3.2.1.jar:/home/local/ZOHOCORP/pranav-pt5073/.m2/repository/org/springframework/security/spring-security-web/6.2.1/spring-security-web-6.2.1.jar:/home/local/ZOHOCORP/pranav-pt5073/.m2/repository/org/springframework/security/spring-security-oauth2-client/6.2.1/spring-security-oauth2-client-6.2.1.jar:/home/local/ZOHOCORP/pranav-pt5073/.m2/repository/org/springframework/security/spring-security-oauth2-core/6.2.1/spring-security-oauth2-core-6.2.1.jar:/home/local/ZOHOCORP/pranav-pt5073/.m2/repository/com/nimbusds/oauth2-oidc-sdk/9.43.3/oauth2-oidc-sdk-9.43.3.jar:/home/local/ZOHOCORP/pranav-pt5073/.m2/repository/com/github/stephenc/jcip/jcip-annotations/1.0-1/jcip-annotations-1.0-1.jar:/home/local/ZOHOCORP/pranav-pt5073/.m2/repository/com/nimbusds/content-type/2.2/content-type-2.2.jar:/home/local/ZOHOCORP/pranav-pt5073/.m2/repository/com/nimbusds/lang-tag/1.7/lang-tag-1.7.jar:/home/local/ZOHOCORP/pranav-pt5073/.m2/repository/org/springframework/security/spring-security-oauth2-jose/6.2.1/spring-security-oauth2-jose-6.2.1.jar:/home/local/ZOHOCORP/pranav-pt5073/.m2/repository/com/nimbusds/nimbus-jose-jwt/9.24.4/nimbus-jose-jwt-9.24.4.jar:/home/local/ZOHOCORP/pranav-pt5073/.m2/repository/org/springframework/security/spring-security-oauth2-resource-server/6.2.1/spring-security-oauth2-resource-server-6.2.1.jar:/home/local/ZOHOCORP/pranav-pt5073/.m2/repository/com/okta/spring/okta-spring-sdk/3.0.5/okta-spring-sdk-3.0.5.jar:"/>
    <property name="java.vm.vendor" value="Private Build"/>
    <property name="sun.arch.data.model" value="64"/>
    <property name="java.vendor.url" value="Unknown"/>
    <property name="user.timezone" value="Asia/Kolkata"/>
    <property name="org.jboss.logging.provider" value="slf4j"/>
    <property name="os.name" value="Linux"/>
    <property name="java.vm.specification.version" value="17"/>
    <property name="sun.java.launcher" value="SUN_STANDARD"/>
    <property name="user.country" value="IN"/>
    <property name="sun.boot.library.path" value="/usr/lib/jvm/java-17-openjdk-amd64/lib"/>
    <property name="sun.java.command" value="/home/local/ZOHOCORP/pranav-pt5073/eclipse-workspace/taskapp/target/surefire/surefirebooter-20240103194101260_3.jar /home/local/ZOHOCORP/pranav-pt5073/eclipse-workspace/taskapp/target/surefire 2024-01-03T19-41-01_179-jvmRun1 surefire-20240103194101260_1tmp surefire_0-20240103194101260_2tmp"/>
    <property name="jdk.debug" value="release"/>
    <property name="surefire.test.class.path" value="/home/local/ZOHOCORP/pranav-pt5073/eclipse-workspace/taskapp/target/test-classes:/home/local/ZOHOCORP/pranav-pt5073/eclipse-workspace/taskapp/target/classes:/home/local/ZOHOCORP/pranav-pt5073/.m2/repository/org/springframework/boot/spring-boot-starter-data-jpa/3.2.1/spring-boot-starter-data-jpa-3.2.1.jar:/home/local/ZOHOCORP/pranav-pt5073/.m2/repository/org/springframework/boot/spring-boot-starter-aop/3.2.1/spring-boot-starter-aop-3.2.1.jar:/home/local/ZOHOCORP/pranav-pt5073/.m2/repository/org/springframework/spring-aop/6.1.2/spring-aop-6.1.2.jar:/home/local/ZOHOCORP/pranav-pt5073/.m2/repository/org/aspectj/aspectjweaver/1.9.21/aspectjweaver-1.9.21.jar:/home/local/ZOHOCORP/pranav-pt5073/.m2/repository/org/springframework/boot/spring-boot-starter-jdbc/3.2.1/spring-boot-starter-jdbc-3.2.1.jar:/home/local/ZOHOCORP/pranav-pt5073/.m2/repository/com/zaxxer/HikariCP/5.0.1/HikariCP-5.0.1.jar:/home/local/ZOHOCORP/pranav-pt5073/.m2/repository/org/springframework/spring-jdbc/6.1.2/spring-jdbc-6.1.2.jar:/home/local/ZOHOCORP/pranav-pt5073/.m2/repository/org/springframework/data/spring-data-jpa/3.2.1/spring-data-jpa-3.2.1.jar:/home/local/ZOHOCORP/pranav-pt5073/.m2/repository/org/springframework/data/spring-data-commons/3.2.1/spring-data-commons-3.2.1.jar:/home/local/ZOHOCORP/pranav-pt5073/.m2/repository/org/springframework/spring-orm/6.1.2/spring-orm-6.1.2.jar:/home/local/ZOHOCORP/pranav-pt5073/.m2/repository/org/springframework/spring-context/6.1.2/spring-context-6.1.2.jar:/home/local/ZOHOCORP/pranav-pt5073/.m2/repository/org/springframework/spring-tx/6.1.2/spring-tx-6.1.2.jar:/home/local/ZOHOCORP/pranav-pt5073/.m2/repository/org/springframework/spring-beans/6.1.2/spring-beans-6.1.2.jar:/home/local/ZOHOCORP/pranav-pt5073/.m2/repository/jakarta/annotation/jakarta.annotation-api/2.1.1/jakarta.annotation-api-2.1.1.jar:/home/local/ZOHOCORP/pranav-pt5073/.m2/repository/org/slf4j/slf4j-api/2.0.9/slf4j-api-2.0.9.jar:/home/local/ZOHOCORP/pranav-pt5073/.m2/repository/org/springframework/spring-aspects/6.1.2/spring-aspects-6.1.2.jar:/home/local/ZOHOCORP/pranav-pt5073/.m2/repository/org/hibernate/orm/hibernate-core/6.3.1.Final/hibernate-core-6.3.1.Final.jar:/home/local/ZOHOCORP/pranav-pt5073/.m2/repository/jakarta/persistence/jakarta.persistence-api/3.1.0/jakarta.persistence-api-3.1.0.jar:/home/local/ZOHOCORP/pranav-pt5073/.m2/repository/jakarta/transaction/jakarta.transaction-api/2.0.1/jakarta.transaction-api-2.0.1.jar:/home/local/ZOHOCORP/pranav-pt5073/.m2/repository/org/jboss/logging/jboss-logging/3.5.3.Final/jboss-logging-3.5.3.Final.jar:/home/local/ZOHOCORP/pranav-pt5073/.m2/repository/org/hibernate/common/hibernate-commons-annotations/6.0.6.Final/hibernate-commons-annotations-6.0.6.Final.jar:/home/local/ZOHOCORP/pranav-pt5073/.m2/repository/io/smallrye/jandex/3.1.2/jandex-3.1.2.jar:/home/local/ZOHOCORP/pranav-pt5073/.m2/repository/com/fasterxml/classmate/1.6.0/classmate-1.6.0.jar:/home/local/ZOHOCORP/pranav-pt5073/.m2/repository/net/bytebuddy/byte-buddy/1.14.10/byte-buddy-1.14.10.jar:/home/local/ZOHOCORP/pranav-pt5073/.m2/repository/jakarta/xml/bind/jakarta.xml.bind-api/4.0.1/jakarta.xml.bind-api-4.0.1.jar:/home/local/ZOHOCORP/pranav-pt5073/.m2/repository/jakarta/activation/jakarta.activation-api/2.1.2/jakarta.activation-api-2.1.2.jar:/home/local/ZOHOCORP/pranav-pt5073/.m2/repository/org/glassfish/jaxb/jaxb-runtime/4.0.4/jaxb-runtime-4.0.4.jar:/home/local/ZOHOCORP/pranav-pt5073/.m2/repository/org/glassfish/jaxb/jaxb-core/4.0.4/jaxb-core-4.0.4.jar:/home/local/ZOHOCORP/pranav-pt5073/.m2/repository/org/eclipse/angus/angus-activation/2.0.1/angus-activation-2.0.1.jar:/home/local/ZOHOCORP/pranav-pt5073/.m2/repository/org/glassfish/jaxb/txw2/4.0.4/txw2-4.0.4.jar:/home/local/ZOHOCORP/pranav-pt5073/.m2/repository/com/sun/istack/istack-commons-runtime/4.1.2/istack-commons-runtime-4.1.2.jar:/home/local/ZOHOCORP/pranav-pt5073/.m2/repository/jakarta/inject/jakarta.inject-api/2.0.1/jakarta.inject-api-2.0.1.jar:/home/local/ZOHOCORP/pranav-pt5073/.m2/repository/org/antlr/antlr4-runtime/4.10.1/antlr4-runtime-4.10.1.jar:/home/local/ZOHOCORP/pranav-pt5073/.m2/repository/org/springframework/boot/spring-boot-starter-web/3.2.1/spring-boot-starter-web-3.2.1.jar:/home/local/ZOHOCORP/pranav-pt5073/.m2/repository/org/springframework/boot/spring-boot-starter/3.2.1/spring-boot-starter-3.2.1.jar:/home/local/ZOHOCORP/pranav-pt5073/.m2/repository/org/springframework/boot/spring-boot/3.2.1/spring-boot-3.2.1.jar:/home/local/ZOHOCORP/pranav-pt5073/.m2/repository/org/springframework/boot/spring-boot-autoconfigure/3.2.1/spring-boot-autoconfigure-3.2.1.jar:/home/local/ZOHOCORP/pranav-pt5073/.m2/repository/org/springframework/boot/spring-boot-starter-logging/3.2.1/spring-boot-starter-logging-3.2.1.jar:/home/local/ZOHOCORP/pranav-pt5073/.m2/repository/ch/qos/logback/logback-classic/1.4.14/logback-classic-1.4.14.jar:/home/local/ZOHOCORP/pranav-pt5073/.m2/repository/ch/qos/logback/logback-core/1.4.14/logback-core-1.4.14.jar:/home/local/ZOHOCORP/pranav-pt5073/.m2/repository/org/apache/logging/log4j/log4j-to-slf4j/2.21.1/log4j-to-slf4j-2.21.1.jar:/home/local/ZOHOCORP/pranav-pt5073/.m2/repository/org/apache/logging/log4j/log4j-api/2.21.1/log4j-api-2.21.1.jar:/home/local/ZOHOCORP/pranav-pt5073/.m2/repository/org/slf4j/jul-to-slf4j/2.0.9/jul-to-slf4j-2.0.9.jar:/home/local/ZOHOCORP/pranav-pt5073/.m2/repository/org/yaml/snakeyaml/2.2/snakeyaml-2.2.jar:/home/local/ZOHOCORP/pranav-pt5073/.m2/repository/org/springframework/boot/spring-boot-starter-json/3.2.1/spring-boot-starter-json-3.2.1.jar:/home/local/ZOHOCORP/pranav-pt5073/.m2/repository/com/fasterxml/jackson/core/jackson-databind/2.15.3/jackson-databind-2.15.3.jar:/home/local/ZOHOCORP/pranav-pt5073/.m2/repository/com/fasterxml/jackson/core/jackson-core/2.15.3/jackson-core-2.15.3.jar:/home/local/ZOHOCORP/pranav-pt5073/.m2/repository/com/fasterxml/jackson/datatype/jackson-datatype-jdk8/2.15.3/jackson-datatype-jdk8-2.15.3.jar:/home/local/ZOHOCORP/pranav-pt5073/.m2/repository/com/fasterxml/jackson/datatype/jackson-datatype-jsr310/2.15.3/jackson-datatype-jsr310-2.15.3.jar:/home/local/ZOHOCORP/pranav-pt5073/.m2/repository/com/fasterxml/jackson/module/jackson-module-parameter-names/2.15.3/jackson-module-parameter-names-2.15.3.jar:/home/local/ZOHOCORP/pranav-pt5073/.m2/repository/org/springframework/boot/spring-boot-starter-tomcat/3.2.1/spring-boot-starter-tomcat-3.2.1.jar:/home/local/ZOHOCORP/pranav-pt5073/.m2/repository/org/apache/tomcat/embed/tomcat-embed-core/10.1.17/tomcat-embed-core-10.1.17.jar:/home/local/ZOHOCORP/pranav-pt5073/.m2/repository/org/apache/tomcat/embed/tomcat-embed-websocket/10.1.17/tomcat-embed-websocket-10.1.17.jar:/home/local/ZOHOCORP/pranav-pt5073/.m2/repository/org/springframework/spring-web/6.1.2/spring-web-6.1.2.jar:/home/local/ZOHOCORP/pranav-pt5073/.m2/repository/io/micrometer/micrometer-observation/1.12.1/micrometer-observation-1.12.1.jar:/home/local/ZOHOCORP/pranav-pt5073/.m2/repository/io/micrometer/micrometer-commons/1.12.1/micrometer-commons-1.12.1.jar:/home/local/ZOHOCORP/pranav-pt5073/.m2/repository/org/springframework/spring-webmvc/6.1.2/spring-webmvc-6.1.2.jar:/home/local/ZOHOCORP/pranav-pt5073/.m2/repository/org/springframework/spring-expression/6.1.2/spring-expression-6.1.2.jar:/home/local/ZOHOCORP/pranav-pt5073/.m2/repository/com/mysql/mysql-connector-j/8.1.0/mysql-connector-j-8.1.0.jar:/home/local/ZOHOCORP/pranav-pt5073/.m2/repository/org/postgresql/postgresql/42.6.0/postgresql-42.6.0.jar:/home/local/ZOHOCORP/pranav-pt5073/.m2/repository/org/checkerframework/checker-qual/3.31.0/checker-qual-3.31.0.jar:/home/local/ZOHOCORP/pranav-pt5073/.m2/repository/org/springframework/boot/spring-boot-starter-test/3.2.1/spring-boot-starter-test-3.2.1.jar:/home/local/ZOHOCORP/pranav-pt5073/.m2/repository/org/springframework/boot/spring-boot-test/3.2.1/spring-boot-test-3.2.1.jar:/home/local/ZOHOCORP/pranav-pt5073/.m2/repository/org/springframework/boot/spring-boot-test-autoconfigure/3.2.1/spring-boot-test-autoconfigure-3.2.1.jar:/home/local/ZOHOCORP/pranav-pt5073/.m2/repository/com/jayway/jsonpath/json-path/2.8.0/json-path-2.8.0.jar:/home/local/ZOHOCORP/pranav-pt5073/.m2/repository/net/minidev/json-smart/2.5.0/json-smart-2.5.0.jar:/home/local/ZOHOCORP/pranav-pt5073/.m2/repository/net/minidev/accessors-smart/2.5.0/accessors-smart-2.5.0.jar:/home/local/ZOHOCORP/pranav-pt5073/.m2/repository/org/ow2/asm/asm/9.3/asm-9.3.jar:/home/local/ZOHOCORP/pranav-pt5073/.m2/repository/org/assertj/assertj-core/3.24.2/assertj-core-3.24.2.jar:/home/local/ZOHOCORP/pranav-pt5073/.m2/repository/org/awaitility/awaitility/4.2.0/awaitility-4.2.0.jar:/home/local/ZOHOCORP/pranav-pt5073/.m2/repository/org/hamcrest/hamcrest/2.2/hamcrest-2.2.jar:/home/local/ZOHOCORP/pranav-pt5073/.m2/repository/org/junit/jupiter/junit-jupiter/5.10.1/junit-jupiter-5.10.1.jar:/home/local/ZOHOCORP/pranav-pt5073/.m2/repository/org/junit/jupiter/junit-jupiter-api/5.10.1/junit-jupiter-api-5.10.1.jar:/home/local/ZOHOCORP/pranav-pt5073/.m2/repository/org/opentest4j/opentest4j/1.3.0/opentest4j-1.3.0.jar:/home/local/ZOHOCORP/pranav-pt5073/.m2/repository/org/junit/platform/junit-platform-commons/1.10.1/junit-platform-commons-1.10.1.jar:/home/local/ZOHOCORP/pranav-pt5073/.m2/repository/org/apiguardian/apiguardian-api/1.1.2/apiguardian-api-1.1.2.jar:/home/local/ZOHOCORP/pranav-pt5073/.m2/repository/org/junit/jupiter/junit-jupiter-params/5.10.1/junit-jupiter-params-5.10.1.jar:/home/local/ZOHOCORP/pranav-pt5073/.m2/repository/org/junit/jupiter/junit-jupiter-engine/5.10.1/junit-jupiter-engine-5.10.1.jar:/home/local/ZOHOCORP/pranav-pt5073/.m2/repository/org/junit/platform/junit-platform-engine/1.10.1/junit-platform-engine-1.10.1.jar:/home/local/ZOHOCORP/pranav-pt5073/.m2/repository/org/mockito/mockito-core/5.7.0/mockito-core-5.7.0.jar:/home/local/ZOHOCORP/pranav-pt5073/.m2/repository/net/bytebuddy/byte-buddy-agent/1.14.10/byte-buddy-agent-1.14.10.jar:/home/local/ZOHOCORP/pranav-pt5073/.m2/repository/org/objenesis/objenesis/3.3/objenesis-3.3.jar:/home/local/ZOHOCORP/pranav-pt5073/.m2/repository/org/mockito/mockito-junit-jupiter/5.7.0/mockito-junit-jupiter-5.7.0.jar:/home/local/ZOHOCORP/pranav-pt5073/.m2/repository/org/skyscreamer/jsonassert/1.5.1/jsonassert-1.5.1.jar:/home/local/ZOHOCORP/pranav-pt5073/.m2/repository/com/vaadin/external/google/android-json/0.0.20131108.vaadin1/android-json-0.0.20131108.vaadin1.jar:/home/local/ZOHOCORP/pranav-pt5073/.m2/repository/org/springframework/spring-core/6.1.2/spring-core-6.1.2.jar:/home/local/ZOHOCORP/pranav-pt5073/.m2/repository/org/springframework/spring-jcl/6.1.2/spring-jcl-6.1.2.jar:/home/local/ZOHOCORP/pranav-pt5073/.m2/repository/org/springframework/spring-test/6.1.2/spring-test-6.1.2.jar:/home/local/ZOHOCORP/pranav-pt5073/.m2/repository/org/xmlunit/xmlunit-core/2.9.1/xmlunit-core-2.9.1.jar:/home/local/ZOHOCORP/pranav-pt5073/.m2/repository/org/json/json/20231013/json-20231013.jar:/home/local/ZOHOCORP/pranav-pt5073/.m2/repository/org/springframework/boot/spring-boot-starter-validation/3.2.1/spring-boot-starter-validation-3.2.1.jar:/home/local/ZOHOCORP/pranav-pt5073/.m2/repository/org/apache/tomcat/embed/tomcat-embed-el/10.1.17/tomcat-embed-el-10.1.17.jar:/home/local/ZOHOCORP/pranav-pt5073/.m2/repository/org/hibernate/validator/hibernate-validator/8.0.1.Final/hibernate-validator-8.0.1.Final.jar:/home/local/ZOHOCORP/pranav-pt5073/.m2/repository/jakarta/validation/jakarta.validation-api/3.0.2/jakarta.validation-api-3.0.2.jar:/home/local/ZOHOCORP/pranav-pt5073/.m2/repository/org/springframework/boot/spring-boot-starter-data-rest/3.2.1/spring-boot-starter-data-rest-3.2.1.jar:/home/local/ZOHOCORP/pranav-pt5073/.m2/repository/org/springframework/data/spring-data-rest-webmvc/4.2.1/spring-data-rest-webmvc-4.2.1.jar:/home/local/ZOHOCORP/pranav-pt5073/.m2/repository/org/springframework/data/spring-data-rest-core/4.2.1/spring-data-rest-core-4.2.1.jar:/home/local/ZOHOCORP/pranav-pt5073/.m2/repository/org/springframework/hateoas/spring-hateoas/2.2.0/spring-hateoas-2.2.0.jar:/home/local/ZOHOCORP/pranav-pt5073/.m2/repository/org/springframework/plugin/spring-plugin-core/3.0.0/spring-plugin-core-3.0.0.jar:/home/local/ZOHOCORP/pranav-pt5073/.m2/repository/org/atteo/evo-inflector/1.3/evo-inflector-1.3.jar:/home/local/ZOHOCORP/pranav-pt5073/.m2/repository/com/fasterxml/jackson/core/jackson-annotations/2.15.3/jackson-annotations-2.15.3.jar:/home/local/ZOHOCORP/pranav-pt5073/.m2/repository/org/mapstruct/mapstruct/1.5.5.Final/mapstruct-1.5.5.Final.jar:/home/local/ZOHOCORP/pranav-pt5073/.m2/repository/org/mapstruct/mapstruct-processor/1.5.5.Final/mapstruct-processor-1.5.5.Final.jar:/home/local/ZOHOCORP/pranav-pt5073/.m2/repository/com/okta/spring/okta-spring-boot-starter/3.0.5/okta-spring-boot-starter-3.0.5.jar:/home/local/ZOHOCORP/pranav-pt5073/.m2/repository/com/okta/spring/okta-spring-security-oauth2/3.0.5/okta-spring-security-oauth2-3.0.5.jar:/home/local/ZOHOCORP/pranav-pt5073/.m2/repository/com/okta/commons/okta-config-check/1.3.3/okta-config-check-1.3.3.jar:/home/local/ZOHOCORP/pranav-pt5073/.m2/repository/com/okta/commons/okta-commons-lang/1.3.3/okta-commons-lang-1.3.3.jar:/home/local/ZOHOCORP/pranav-pt5073/.m2/repository/org/springframework/security/spring-security-config/6.2.1/spring-security-config-6.2.1.jar:/home/local/ZOHOCORP/pranav-pt5073/.m2/repository/org/springframework/security/spring-security-core/6.2.1/spring-security-core-6.2.1.jar:/home/local/ZOHOCORP/pranav-pt5073/.m2/repository/org/springframework/security/spring-security-crypto/6.2.1/spring-security-crypto-6.2.1.jar:/home/local/ZOHOCORP/pranav-pt5073/.m2/repository/org/springframework/boot/spring-boot-starter-security/3.2.1/spring-boot-starter-security-3.2.1.jar:/home/local/ZOHOCORP/pranav-pt5073/.m2/repository/org/springframework/security/spring-security-web/6.2.1/spring-security-web-6.2.1.jar:/home/local/ZOHOCORP/pranav-pt5073/.m2/repository/org/springframework/security/spring-security-oauth2-client/6.2.1/spring-security-oauth2-client-6.2.1.jar:/home/local/ZOHOCORP/pranav-pt5073/.m2/repository/org/springframework/security/spring-security-oauth2-core/6.2.1/spring-security-oauth2-core-6.2.1.jar:/home/local/ZOHOCORP/pranav-pt5073/.m2/repository/com/nimbusds/oauth2-oidc-sdk/9.43.3/oauth2-oidc-sdk-9.43.3.jar:/home/local/ZOHOCORP/pranav-pt5073/.m2/repository/com/github/stephenc/jcip/jcip-annotations/1.0-1/jcip-annotations-1.0-1.jar:/home/local/ZOHOCORP/pranav-pt5073/.m2/repository/com/nimbusds/content-type/2.2/content-type-2.2.jar:/home/local/ZOHOCORP/pranav-pt5073/.m2/repository/com/nimbusds/lang-tag/1.7/lang-tag-1.7.jar:/home/local/ZOHOCORP/pranav-pt5073/.m2/repository/org/springframework/security/spring-security-oauth2-jose/6.2.1/spring-security-oauth2-jose-6.2.1.jar:/home/local/ZOHOCORP/pranav-pt5073/.m2/repository/com/nimbusds/nimbus-jose-jwt/9.24.4/nimbus-jose-jwt-9.24.4.jar:/home/local/ZOHOCORP/pranav-pt5073/.m2/repository/org/springframework/security/spring-security-oauth2-resource-server/6.2.1/spring-security-oauth2-resource-server-6.2.1.jar:/home/local/ZOHOCORP/pranav-pt5073/.m2/repository/com/okta/spring/okta-spring-sdk/3.0.5/okta-spring-sdk-3.0.5.jar:"/>
    <property name="sun.cpu.endian" value="little"/>
    <property name="user.home" value="/home/local/ZOHOCORP/pranav-pt5073"/>
    <property name="user.language" value="en"/>
    <property name="java.specification.vendor" value="Oracle Corporation"/>
    <property name="java.version.date" value="2023-10-17"/>
    <property name="java.home" value="/usr/lib/jvm/java-17-openjdk-amd64"/>
    <property name="file.separator" value="/"/>
    <property name="basedir" value="/home/local/ZOHOCORP/pranav-pt5073/eclipse-workspace/taskapp"/>
    <property name="java.vm.compressedOopsMode" value="Zero based"/>
    <property name="line.separator" value="&#10;"/>
    <property name="java.specification.name" value="Java Platform API Specification"/>
    <property name="java.vm.specification.vendor" value="Oracle Corporation"/>
    <property name="FILE_LOG_CHARSET" value="UTF-8"/>
    <property name="java.awt.headless" value="true"/>
    <property name="surefire.real.class.path" value="/home/local/ZOHOCORP/pranav-pt5073/eclipse-workspace/taskapp/target/surefire/surefirebooter-20240103194101260_3.jar"/>
    <property name="sun.management.compiler" value="HotSpot 64-Bit Tiered Compilers"/>
    <property name="java.runtime.version" value="17.0.9+9-Ubuntu-120.04"/>
    <property name="user.name" value="pranav-pt5073"/>
    <property name="path.separator" value=":"/>
    <property name="os.version" value="5.14.0-1036-oem"/>
    <property name="java.runtime.name" value="OpenJDK Runtime Environment"/>
    <property name="file.encoding" value="UTF-8"/>
    <property name="java.vm.name" value="OpenJDK 64-Bit Server VM"/>
    <property name="localRepository" value="/home/local/ZOHOCORP/pranav-pt5073/.m2/repository"/>
    <property name="java.vendor.url.bug" value="Unknown"/>
    <property name="java.io.tmpdir" value="/tmp"/>
    <property name="com.zaxxer.hikari.pool_number" value="1"/>
    <property name="java.version" value="17.0.9"/>
    <property name="user.dir" value="/home/local/ZOHOCORP/pranav-pt5073/eclipse-workspace/taskapp"/>
    <property name="os.arch" value="amd64"/>
    <property name="java.vm.specification.name" value="Java Virtual Machine Specification"/>
    <property name="PID" value="445785"/>
    <property name="CONSOLE_LOG_CHARSET" value="UTF-8"/>
    <property name="native.encoding" value="UTF-8"/>
    <property name="java.library.path" value="/usr/java/packages/lib:/usr/lib/x86_64-linux-gnu/jni:/lib/x86_64-linux-gnu:/usr/lib/x86_64-linux-gnu:/usr/lib/jni:/lib:/usr/lib"/>
    <property name="java.vm.info" value="mixed mode, sharing"/>
    <property name="java.vendor" value="Private Build"/>
    <property name="java.vm.version" value="17.0.9+9-Ubuntu-120.04"/>
    <property name="sun.io.unicode.encoding" value="UnicodeLittle"/>
    <property name="java.class.version" value="61.0"/>
  </properties>
  <testcase name="contextLoads" classname="com.onebox.onebox.OneboxApplicationTests" time="0.586">
    <system-out><![CDATA[19:41:02.064 [main] INFO org.springframework.test.context.support.AnnotationConfigContextLoaderUtils -- Could not detect default configuration classes for test class [com.onebox.onebox.OneboxApplicationTests]: OneboxApplicationTests does not declare any static, non-private, non-final, nested classes annotated with @Configuration.
19:41:02.205 [main] INFO org.springframework.boot.test.context.SpringBootTestContextBootstrapper -- Found @SpringBootConfiguration com.onebox.onebox.OneboxApplication for test class com.onebox.onebox.OneboxApplicationTests

  .   ____          _            __ _ _
 /\\ / ___'_ __ _ _(_)_ __  __ _ \ \ \ \
( ( )\___ | '_ | '_| | '_ \/ _` | \ \ \ \
 \\/  ___)| |_)| | | | | || (_| |  ) ) ) )
  '  |____| .__|_| |_|_| |_\__, | / / / /
 =========|_|==============|___/=/_/_/_/
 :: Spring Boot ::                (v3.2.1)

2024-01-03T19:41:03.767+05:30  WARN 445785 --- [           main] ory$DuplicateJsonObjectContextCustomizer : 

Found multiple occurrences of org.json.JSONObject on the class path:

	jar:file:/home/local/ZOHOCORP/pranav-pt5073/.m2/repository/com/vaadin/external/google/android-json/0.0.20131108.vaadin1/android-json-0.0.20131108.vaadin1.jar!/org/json/JSONObject.class
	jar:file:/home/local/ZOHOCORP/pranav-pt5073/.m2/repository/org/json/json/20231013/json-20231013.jar!/org/json/JSONObject.class

You may wish to exclude one of them to ensure predictable runtime behavior

2024-01-03T19:41:03.780+05:30  INFO 445785 --- [           main] c.onebox.onebox.OneboxApplicationTests   : Starting OneboxApplicationTests using Java 17.0.9 with PID 445785 (started by pranav-pt5073 in /home/local/ZOHOCORP/pranav-pt5073/eclipse-workspace/taskapp)
2024-01-03T19:41:03.781+05:30  INFO 445785 --- [           main] c.onebox.onebox.OneboxApplicationTests   : No active profile set, falling back to 1 default profile: "default"
2024-01-03T19:41:04.476+05:30  INFO 445785 --- [           main] .s.d.r.c.RepositoryConfigurationDelegate : Bootstrapping Spring Data JPA repositories in DEFAULT mode.
2024-01-03T19:41:04.530+05:30  INFO 445785 --- [           main] .s.d.r.c.RepositoryConfigurationDelegate : Finished Spring Data repository scanning in 47 ms. Found 1 JPA repository interface.
2024-01-03T19:41:05.074+05:30  INFO 445785 --- [           main] o.hibernate.jpa.internal.util.LogHelper  : HHH000204: Processing PersistenceUnitInfo [name: default]
2024-01-03T19:41:05.113+05:30  INFO 445785 --- [           main] org.hibernate.Version                    : HHH000412: Hibernate ORM core version 6.3.1.Final
2024-01-03T19:41:05.142+05:30  INFO 445785 --- [           main] o.h.c.internal.RegionFactoryInitiator    : HHH000026: Second-level cache disabled
2024-01-03T19:41:05.304+05:30  INFO 445785 --- [           main] o.s.o.j.p.SpringPersistenceUnitInfo      : No LoadTimeWeaver setup: ignoring JPA class transformer
2024-01-03T19:41:05.344+05:30  INFO 445785 --- [           main] com.zaxxer.hikari.HikariDataSource       : HikariPool-1 - Starting...
2024-01-03T19:41:05.543+05:30  INFO 445785 --- [           main] com.zaxxer.hikari.pool.HikariPool        : HikariPool-1 - Added connection com.mysql.cj.jdbc.ConnectionImpl@72c704f1
2024-01-03T19:41:05.545+05:30  INFO 445785 --- [           main] com.zaxxer.hikari.HikariDataSource       : HikariPool-1 - Start completed.
2024-01-03T19:41:05.577+05:30  WARN 445785 --- [           main] org.hibernate.orm.deprecation            : HHH90000025: MySQLDialect does not need to be specified explicitly using 'hibernate.dialect' (remove the property setting and it will be selected by default)
2024-01-03T19:41:06.280+05:30  INFO 445785 --- [           main] o.h.e.t.j.p.i.JtaPlatformInitiator       : HHH000489: No JTA platform available (set 'hibernate.transaction.jta.platform' to enable JTA platform integration)
2024-01-03T19:41:06.318+05:30  INFO 445785 --- [           main] j.LocalContainerEntityManagerFactoryBean : Initialized JPA EntityManagerFactory for persistence unit 'default'
2024-01-03T19:41:06.623+05:30  WARN 445785 --- [           main] JpaBaseConfiguration$JpaWebConfiguration : spring.jpa.open-in-view is enabled by default. Therefore, database queries may be performed during view rendering. Explicitly configure spring.jpa.open-in-view to disable this warning
2024-01-03T19:41:07.151+05:30  INFO 445785 --- [           main] o.s.s.web.DefaultSecurityFilterChain     : Will secure any request with [org.springframework.security.web.session.DisableEncodeUrlFilter@7c59f315, org.springframework.security.web.context.request.async.WebAsyncManagerIntegrationFilter@6c3830ed, org.springframework.security.web.context.SecurityContextHolderFilter@12ef7db5, org.springframework.security.web.header.HeaderWriterFilter@6f4e39b3, org.springframework.web.filter.CorsFilter@32a541a8, org.springframework.security.web.csrf.CsrfFilter@65cb50dc, org.springframework.security.web.authentication.logout.LogoutFilter@21e32876, org.springframework.security.oauth2.server.resource.web.authentication.BearerTokenAuthenticationFilter@18f8c76d, org.springframework.security.web.savedrequest.RequestCacheAwareFilter@3a8cc099, org.springframework.security.web.servletapi.SecurityContextHolderAwareRequestFilter@756b703d, org.springframework.security.web.authentication.AnonymousAuthenticationFilter@63b85d97, org.springframework.security.web.access.ExceptionTranslationFilter@6179551b, org.springframework.security.web.access.intercept.FilterSecurityInterceptor@a6fc2e1]
2024-01-03T19:41:07.537+05:30  INFO 445785 --- [           main] c.onebox.onebox.OneboxApplicationTests   : Started OneboxApplicationTests in 5.159 seconds (process running for 6.212)
]]></system-out>
  </testcase>
</testsuite>